[debug] [2024-02-05T18:10:13.519Z] ----------------------------------------------------------------------
[debug] [2024-02-05T18:10:13.521Z] Command:       C:\Users\uriah\DOWNLO~1\firebase-tools-instant-win.exe C:\Users\uriah\.cache\firebase\tools\lib\node_modules\firebase-tools\lib\bin\firebase init hosting
[debug] [2024-02-05T18:10:13.521Z] CLI Version:   13.1.0
[debug] [2024-02-05T18:10:13.521Z] Platform:      win32
[debug] [2024-02-05T18:10:13.521Z] Node Version:  v18.5.0
[debug] [2024-02-05T18:10:13.522Z] Time:          Mon Feb 05 2024 11:10:13 GMT-0700 (Mountain Standard Time)
[debug] [2024-02-05T18:10:13.522Z] ----------------------------------------------------------------------
[debug] 
[debug] [2024-02-05T18:10:13.528Z] > command requires scopes: ["email","openid","https://www.googleapis.com/auth/cloudplatformprojects.readonly","https://www.googleapis.com/auth/firebase","https://www.googleapis.com/auth/cloud-platform"]
[debug] [2024-02-05T18:10:13.529Z] > authorizing via signed-in user (uriahballard@gmail.com)
[info] 
     ######## #### ########  ######## ########     ###     ######  ########
     ##        ##  ##     ## ##       ##     ##  ##   ##  ##       ##
     ######    ##  ########  ######   ########  #########  ######  ######
     ##        ##  ##    ##  ##       ##     ## ##     ##       ## ##
     ##       #### ##     ## ######## ########  ##     ##  ######  ########

You're about to initialize a Firebase project in this directory:

  C:\Users\uriah\OneDrive\Desktop\Dojo\Python\P_A\Solo_Project\custom_care_for_critters

[info] 
=== Project Setup
[info] 
[info] First, let's associate this project directory with a Firebase project.
[info] You can create multiple project aliases by running firebase use --add, 
[info] but for now we'll just set up a default project.
[info] 
[debug] [2024-02-05T18:10:19.816Z] >>> [apiv2][query] GET https://firebase.googleapis.com/v1beta1/projects pageSize=100
[debug] [2024-02-05T18:10:20.175Z] <<< [apiv2][status] GET https://firebase.googleapis.com/v1beta1/projects 200
[debug] [2024-02-05T18:10:20.175Z] <<< [apiv2][body] GET https://firebase.googleapis.com/v1beta1/projects [omitted]
[info] i  Using project custom-care-for-critters (Custom Care for Critters) 
[info] 
=== Hosting Setup
[debug] [2024-02-05T18:10:22.055Z] >>> [apiv2][query] GET https://firebase.googleapis.com/v1beta1/projects/custom-care-for-critters [none]
[debug] [2024-02-05T18:10:22.331Z] <<< [apiv2][status] GET https://firebase.googleapis.com/v1beta1/projects/custom-care-for-critters 200
[debug] [2024-02-05T18:10:22.331Z] <<< [apiv2][body] GET https://firebase.googleapis.com/v1beta1/projects/custom-care-for-critters {"projectId":"custom-care-for-critters","projectNumber":"1048789414745","displayName":"Custom Care for Critters","name":"projects/custom-care-for-critters","resources":{"hostingSite":"custom-care-for-critters","storageBucket":"custom-care-for-critters.appspot.com","locationId":"us-central"},"state":"ACTIVE","etag":"1_cbc029ee-915d-45a3-851f-6566d64e1a4c"}
[info] 
[info] Your public directory is the folder (relative to your project directory) that
[info] will contain Hosting assets to be uploaded with firebase deploy. If you
[info] have a build process for your assets, use your build's output directory.
[info] 
[info] +  Wrote static/404.html 
[debug] [2024-02-05T18:14:14.456Z] >>> [apiv2][query] GET https://www.gstatic.com/firebasejs/releases.json [none]
[debug] [2024-02-05T18:14:14.559Z] <<< [apiv2][status] GET https://www.gstatic.com/firebasejs/releases.json 200
[debug] [2024-02-05T18:14:14.559Z] <<< [apiv2][body] GET https://www.gstatic.com/firebasejs/releases.json {"current":{"version":"10.8.0","browserURL":"https://www.gstatic.com/firebasejs/10.8.0/firebase.js","packageURL":"https://www.gstatic.com/firebasejs/10.8.0/firebase.tgz"},"live":{"version":"10.8","browserURL":"https://www.gstatic.com/firebasejs/live/10.8/firebase.js","packageURL":"https://www.gstatic.com/firebasejs/live/10.8/firebase.tgz"},"components":{"analytics":"https://www.gstatic.com/firebasejs/10.8.0/firebase-analytics.js","app":"https://www.gstatic.com/firebasejs/10.8.0/firebase-app.js","app-check":"https://www.gstatic.com/firebasejs/10.8.0/firebase-app-check.js","auth":"https://www.gstatic.com/firebasejs/10.8.0/firebase-auth.js","auth/cordova":"https://www.gstatic.com/firebasejs/10.8.0/firebase-auth/cordova.js","auth/web-extension":"https://www.gstatic.com/firebasejs/10.8.0/firebase-auth/web-extension.js","functions":"https://www.gstatic.com/firebasejs/10.8.0/firebase-functions.js","firestore":"https://www.gstatic.com/firebasejs/10.8.0/firebase-firestore.js","firestore/lite":"https://www.gstatic.com/firebasejs/10.8.0/firebase-firestore/lite.js","installations":"https://www.gstatic.com/firebasejs/10.8.0/firebase-installations.js","storage":"https://www.gstatic.com/firebasejs/10.8.0/firebase-storage.js","performance":"https://www.gstatic.com/firebasejs/10.8.0/firebase-performance.js","remote-config":"https://www.gstatic.com/firebasejs/10.8.0/firebase-remote-config.js","messaging":"https://www.gstatic.com/firebasejs/10.8.0/firebase-messaging.js","messaging/sw":"https://www.gstatic.com/firebasejs/10.8.0/firebase-messaging/sw.js","database":"https://www.gstatic.com/firebasejs/10.8.0/firebase-database.js","firestore.memory":"https://www.gstatic.com/firebasejs/10.8.0/firebase-firestore.memory.js"}}
[info] +  Wrote static/index.html 
[info] 
[info] i  Detected a .git folder at C:\Users\uriah\OneDrive\Desktop\Dojo\Python\P_A\Solo_Project\custom_care_for_critters 
[info] i  Authorizing with GitHub to upload your service account to a GitHub repository's secrets store. 
[info] 
[info] Visit this URL on this device to log in:
[info] https://github.com/login/oauth/authorize?client_id=89cf50f02ac6aaed3484&state=71101061&redirect_uri=http%3A%2F%2Flocalhost%3A9005&scope=read%3Auser%20repo%20public_repo
[info] 
[info] Waiting for authentication...
[debug] [2024-02-05T18:14:25.158Z] >>> [apiv2][query] POST https://github.com/login/oauth/access_token [none]
[debug] [2024-02-05T18:14:25.158Z] >>> [apiv2][body] POST https://github.com/login/oauth/access_token [stream]
[debug] [2024-02-05T18:14:25.472Z] <<< [apiv2][status] POST https://github.com/login/oauth/access_token 200
[debug] [2024-02-05T18:14:25.472Z] <<< [apiv2][body] POST https://github.com/login/oauth/access_token {"access_token":"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","token_type":"bearer","scope":"read:user,repo"}
[debug] [2024-02-05T18:14:25.476Z] >>> [apiv2][query] GET https://api.github.com/user [none]
[debug] [2024-02-05T18:14:25.804Z] <<< [apiv2][status] GET https://api.github.com/user 200
[debug] [2024-02-05T18:14:25.804Z] <<< [apiv2][body] GET https://api.github.com/user {"login":"umballard","id":137239028,"node_id":"U_kgDOCC4Z9A","avatar_url":"https://avatars.githubusercontent.com/u/137239028?v=4","gravatar_id":"","url":"https://api.github.com/users/umballard","html_url":"https://github.com/umballard","followers_url":"https://api.github.com/users/umballard/followers","following_url":"https://api.github.com/users/umballard/following{/other_user}","gists_url":"https://api.github.com/users/umballard/gists{/gist_id}","starred_url":"https://api.github.com/users/umballard/starred{/owner}{/repo}","subscriptions_url":"https://api.github.com/users/umballard/subscriptions","organizations_url":"https://api.github.com/users/umballard/orgs","repos_url":"https://api.github.com/users/umballard/repos","events_url":"https://api.github.com/users/umballard/events{/privacy}","received_events_url":"https://api.github.com/users/umballard/received_events","type":"User","site_admin":false,"name":"Uriah Ballard","company":null,"blog":"","location":"Arizona","email":null,"hireable":true,"bio":"Aspiring full stack developer.\r\n1 day until I'm a coding dojo graduate. \r\nPython, HMTL, CSS, JS.\r\nExcited for the future, the possibilities are endless","twitter_username":null,"public_repos":4,"public_gists":0,"followers":1,"following":2,"created_at":"2023-06-21T00:26:31Z","updated_at":"2023-12-30T21:13:34Z","private_gists":0,"total_private_repos":3,"owned_private_repos":3,"disk_usage":6934,"collaborators":0,"two_factor_authentication":false,"plan":{"name":"free","space":976562499,"collaborators":0,"private_repos":10000}}
[info] 
[info] +  Success! Logged into GitHub as umballard 
[info] 
